{"contracts/Raffle.sol":{"l":{"67":3,"68":3,"69":3,"70":3,"71":3,"72":3,"73":3,"74":3,"78":15,"79":1,"82":14,"83":1,"85":13,"88":13,"109":10,"110":10,"111":10,"112":10,"113":10,"114":10,"123":6,"124":6,"125":1,"134":5,"135":5,"142":5,"154":1,"155":1,"156":1,"157":1,"159":1,"161":1,"162":1,"164":1,"165":0,"167":1,"178":14,"187":1,"191":1,"199":4,"203":0,"207":1,"211":0,"215":2,"219":14},"path":"/Users/sergeyfoiering/Documents/VSCode/blockchain-hardhat-solidity/hardhat-smartcontract-lottery/contracts/Raffle.sol","s":{"1":15,"2":14,"3":13,"4":13,"5":10,"6":10,"7":10,"8":10,"9":10,"10":6,"11":6,"12":5,"13":5,"14":1,"15":1,"16":1,"17":1,"18":1,"19":14,"20":1,"21":1,"22":4,"23":0,"24":1,"25":0,"26":2,"27":14},"b":{"1":[1,14],"2":[1,13],"3":[1,5],"4":[0,1]},"f":{"1":3,"2":15,"3":10,"4":6,"5":1,"6":14,"7":1,"8":1,"9":4,"10":0,"11":1,"12":0,"13":2,"14":14},"fnMap":{"1":{"name":"constructor","line":66,"loc":{"start":{"line":59,"column":4},"end":{"line":75,"column":4}}},"2":{"name":"enterRaffle","line":77,"loc":{"start":{"line":77,"column":4},"end":{"line":89,"column":4}}},"3":{"name":"checkUpkeep","line":101,"loc":{"start":{"line":101,"column":4},"end":{"line":115,"column":4}}},"4":{"name":"performUpkeep","line":122,"loc":{"start":{"line":122,"column":4},"end":{"line":143,"column":4}}},"5":{"name":"fulfillRandomWords","line":149,"loc":{"start":{"line":149,"column":4},"end":{"line":168,"column":4}}},"6":{"name":"getEntranceFee","line":177,"loc":{"start":{"line":177,"column":4},"end":{"line":179,"column":4}}},"7":{"name":"getPlayer","line":186,"loc":{"start":{"line":186,"column":4},"end":{"line":188,"column":4}}},"8":{"name":"getRecentWinner","line":190,"loc":{"start":{"line":190,"column":4},"end":{"line":192,"column":4}}},"9":{"name":"getRaffleState","line":198,"loc":{"start":{"line":198,"column":4},"end":{"line":200,"column":4}}},"10":{"name":"getNumWords","line":202,"loc":{"start":{"line":202,"column":4},"end":{"line":204,"column":4}}},"11":{"name":"getNumberOfPlayers","line":206,"loc":{"start":{"line":206,"column":4},"end":{"line":208,"column":4}}},"12":{"name":"getRequestConfirmations","line":210,"loc":{"start":{"line":210,"column":4},"end":{"line":212,"column":4}}},"13":{"name":"getLastTimeStamp","line":214,"loc":{"start":{"line":214,"column":4},"end":{"line":216,"column":4}}},"14":{"name":"getInterval","line":218,"loc":{"start":{"line":218,"column":4},"end":{"line":220,"column":4}}}},"statementMap":{"1":{"start":{"line":78,"column":8},"end":{"line":78,"column":2748}},"2":{"start":{"line":82,"column":8},"end":{"line":82,"column":2852}},"3":{"start":{"line":85,"column":8},"end":{"line":85,"column":42}},"4":{"start":{"line":88,"column":8},"end":{"line":88,"column":36}},"5":{"start":{"line":109,"column":8},"end":{"line":109,"column":56}},"6":{"start":{"line":110,"column":8},"end":{"line":110,"column":76}},"7":{"start":{"line":111,"column":8},"end":{"line":111,"column":48}},"8":{"start":{"line":112,"column":8},"end":{"line":112,"column":51}},"9":{"start":{"line":114,"column":8},"end":{"line":114,"column":36}},"10":{"start":{"line":123,"column":8},"end":{"line":123,"column":47}},"11":{"start":{"line":124,"column":8},"end":{"line":124,"column":4639}},"12":{"start":{"line":135,"column":8},"end":{"line":135,"column":5014}},"13":{"start":{"line":142,"column":8},"end":{"line":142,"column":45}},"14":{"start":{"line":154,"column":8},"end":{"line":154,"column":65}},"15":{"start":{"line":155,"column":8},"end":{"line":155,"column":63}},"16":{"start":{"line":162,"column":8},"end":{"line":162,"column":78}},"17":{"start":{"line":164,"column":8},"end":{"line":164,"column":6987}},"18":{"start":{"line":167,"column":8},"end":{"line":167,"column":39}},"19":{"start":{"line":178,"column":8},"end":{"line":178,"column":28}},"20":{"start":{"line":187,"column":8},"end":{"line":187,"column":31}},"21":{"start":{"line":191,"column":8},"end":{"line":191,"column":29}},"22":{"start":{"line":199,"column":8},"end":{"line":199,"column":28}},"23":{"start":{"line":203,"column":8},"end":{"line":203,"column":24}},"24":{"start":{"line":207,"column":8},"end":{"line":207,"column":31}},"25":{"start":{"line":211,"column":8},"end":{"line":211,"column":36}},"26":{"start":{"line":215,"column":8},"end":{"line":215,"column":30}},"27":{"start":{"line":219,"column":8},"end":{"line":219,"column":25}}},"branchMap":{"1":{"line":78,"type":"if","locations":[{"start":{"line":78,"column":8},"end":{"line":78,"column":8}},{"start":{"line":78,"column":8},"end":{"line":78,"column":8}}]},"2":{"line":82,"type":"if","locations":[{"start":{"line":82,"column":8},"end":{"line":82,"column":8}},{"start":{"line":82,"column":8},"end":{"line":82,"column":8}}]},"3":{"line":124,"type":"if","locations":[{"start":{"line":124,"column":8},"end":{"line":124,"column":8}},{"start":{"line":124,"column":8},"end":{"line":124,"column":8}}]},"4":{"line":164,"type":"if","locations":[{"start":{"line":164,"column":8},"end":{"line":164,"column":8}},{"start":{"line":164,"column":8},"end":{"line":164,"column":8}}]}}},"contracts/test/VRFCoordinatorV2Mock.sol":{"l":{},"path":"/Users/sergeyfoiering/Documents/VSCode/blockchain-hardhat-solidity/hardhat-smartcontract-lottery/contracts/test/VRFCoordinatorV2Mock.sol","s":{},"b":{},"f":{},"fnMap":{},"statementMap":{},"branchMap":{}}}